INFO: [vitis-run 60-1548] Creating build summary session with primary output /media/p4/Xilinx/kria-vitis-platforms/kr260/platforms/xilinx_kr260_tsn_rs485pmod_202310_1/blas/blas/blas.hlsrun_csim_summary, at Wed Jul 10 22:58:31 2024
INFO: [vitis-run 82-31] Launching vitis_hls: vitis_hls -nolog -run csim -work_dir /media/p4/Xilinx/kria-vitis-platforms/kr260/platforms/xilinx_kr260_tsn_rs485pmod_202310_1/blas/blas -config /media/p4/Xilinx/kria-vitis-platforms/kr260/platforms/xilinx_kr260_tsn_rs485pmod_202310_1/blas/hls_config.cfg -cmdlineconfig /media/p4/Xilinx/kria-vitis-platforms/kr260/platforms/xilinx_kr260_tsn_rs485pmod_202310_1/blas/blas/hls/config.cmdline

****** Vitis HLS - High-Level Synthesis from C, C++ and OpenCL v2023.2 (64-bit)
  **** SW Build 4023990 on Oct 11 2023
  **** IP Build 4028589 on Sat Oct 14 00:45:43 MDT 2023
  **** SharedData Build 4025554 on Tue Oct 10 17:18:54 MDT 2023
    ** Copyright 1986-2022 Xilinx, Inc. All Rights Reserved.
    ** Copyright 2022-2023 Advanced Micro Devices, Inc. All Rights Reserved.

source /media/p4/Xilinx/Vitis_HLS/2023.2/scripts/vitis_hls/hls.tcl -notrace
INFO: [HLS 200-10] Running '/media/p4/Xilinx/Vitis_HLS/2023.2/bin/unwrapped/lnx64.o/vitis_hls'
INFO: [HLS 200-10] For user 'chomper' on host 'N' (Linux_x86_64 version 6.8.0-36-generic) on Wed Jul 10 22:58:32 CST 2024
INFO: [HLS 200-10] On os Ubuntu 24.04 LTS
INFO: [HLS 200-10] In directory '/media/p4/Xilinx/kria-vitis-platforms/kr260/platforms/xilinx_kr260_tsn_rs485pmod_202310_1/blas'
INFO: [HLS 200-1909] Reading HLS ini file /media/p4/Xilinx/kria-vitis-platforms/kr260/platforms/xilinx_kr260_tsn_rs485pmod_202310_1/blas/hls_config.cfg
INFO: [HLS 200-1909] Reading HLS ini file /media/p4/Xilinx/kria-vitis-platforms/kr260/platforms/xilinx_kr260_tsn_rs485pmod_202310_1/blas/blas/hls/config.cmdline
INFO: [HLS 200-2005] Using work_dir /media/p4/Xilinx/kria-vitis-platforms/kr260/platforms/xilinx_kr260_tsn_rs485pmod_202310_1/blas/blas 
INFO: [HLS 200-1510] Running: open_project /media/p4/Xilinx/kria-vitis-platforms/kr260/platforms/xilinx_kr260_tsn_rs485pmod_202310_1/blas/blas -diskless 
INFO: [HLS 200-1510] Running: open_solution hls 
INFO: [HLS 200-1505] Using default flow_target 'vivado'
Resolution: For help on HLS 200-1505 see docs.xilinx.com/access/sources/dita/topic?Doc_Version=2023.2%20English&url=ug1448-hls-guidance&resourceid=200-1505.html
INFO: [HLS 200-1510] Running: apply_ini /media/p4/Xilinx/kria-vitis-platforms/kr260/platforms/xilinx_kr260_tsn_rs485pmod_202310_1/blas/hls_config.cfg 
INFO: [HLS 200-1909] Reading HLS ini file /media/p4/Xilinx/kria-vitis-platforms/kr260/platforms/xilinx_kr260_tsn_rs485pmod_202310_1/blas/hls_config.cfg
INFO: [HLS 200-1465] Applying ini 'syn.file=test.cpp' at /media/p4/Xilinx/kria-vitis-platforms/kr260/platforms/xilinx_kr260_tsn_rs485pmod_202310_1/blas/hls_config.cfg(7)
INFO: [HLS 200-10] Adding design file '/media/p4/Xilinx/kria-vitis-platforms/kr260/platforms/xilinx_kr260_tsn_rs485pmod_202310_1/blas/test.cpp' to the project
INFO: [HLS 200-1465] Applying ini 'tb.file=tb.cpp' at /media/p4/Xilinx/kria-vitis-platforms/kr260/platforms/xilinx_kr260_tsn_rs485pmod_202310_1/blas/hls_config.cfg(9)
INFO: [HLS 200-10] Adding test bench file '/media/p4/Xilinx/kria-vitis-platforms/kr260/platforms/xilinx_kr260_tsn_rs485pmod_202310_1/blas/tb.cpp' to the project
INFO: [HLS 200-1465] Applying ini 'syn.top=test' at /media/p4/Xilinx/kria-vitis-platforms/kr260/platforms/xilinx_kr260_tsn_rs485pmod_202310_1/blas/hls_config.cfg(8)
INFO: [HLS 200-1465] Applying ini 'flow_target=vivado' at /media/p4/Xilinx/kria-vitis-platforms/kr260/platforms/xilinx_kr260_tsn_rs485pmod_202310_1/blas/hls_config.cfg(4)
INFO: [HLS 200-1505] Using flow_target 'vivado'
Resolution: For help on HLS 200-1505 see docs.xilinx.com/access/sources/dita/topic?Doc_Version=2023.2%20English&url=ug1448-hls-guidance&resourceid=200-1505.html
INFO: [HLS 200-1465] Applying ini 'part=xck26-sfvc784-2LV-c' at /media/p4/Xilinx/kria-vitis-platforms/kr260/platforms/xilinx_kr260_tsn_rs485pmod_202310_1/blas/hls_config.cfg(1)
INFO: [HLS 200-1611] Setting target device to 'xck26-sfvc784-2LV-c'
INFO: [HLS 200-1465] Applying ini 'package.output.format=ip_catalog' at /media/p4/Xilinx/kria-vitis-platforms/kr260/platforms/xilinx_kr260_tsn_rs485pmod_202310_1/blas/hls_config.cfg(5)
INFO: [HLS 200-1510] Running: apply_ini /media/p4/Xilinx/kria-vitis-platforms/kr260/platforms/xilinx_kr260_tsn_rs485pmod_202310_1/blas/blas/hls/config.cmdline 
INFO: [HLS 200-1909] Reading HLS ini file /media/p4/Xilinx/kria-vitis-platforms/kr260/platforms/xilinx_kr260_tsn_rs485pmod_202310_1/blas/blas/hls/config.cmdline
INFO: [HLS 200-1510] Running: csim_design 
INFO: [SIM 211-2] *************** CSIM start ***************
INFO: [SIM 211-4] CSIM will launch GCC as the compiler.
INFO: [HLS 200-2036] Building debug C Simulation binaries
   Compiling ../../../../test.cpp in debug mode
   Generating csim.exe
0.000000 * 0.000000 = 0.000000, 1.000000
1.000000 * 1.000000 = 1.000000, 2.000000
2.000000 * 2.000000 = 4.000000, 5.000000
3.000000 * 3.000000 = 9.000000, 10.000000
4.000000 * 4.000000 = 16.000000, 17.000000
5.000000 * 5.000000 = 25.000000, 26.000000
6.000000 * 6.000000 = 36.000000, 37.000000
7.000000 * 7.000000 = 49.000000, 50.000000
8.000000 * 8.000000 = 64.000000, 65.000000
9.000000 * 9.000000 = 81.000000, 82.000000
10.000000 * 10.000000 = 100.000000, 101.000000
11.000000 * 11.000000 = 121.000000, 122.000000
12.000000 * 12.000000 = 144.000000, 145.000000
13.000000 * 13.000000 = 169.000000, 170.000000
14.000000 * 14.000000 = 196.000000, 197.000000
15.000000 * 15.000000 = 225.000000, 226.000000
INFO: [SIM 211-1] CSim done with 0 errors.
INFO: [SIM 211-3] *************** CSIM finish ***************
INFO: [HLS 200-111] Finished Command csim_design CPU user time: 0.32 seconds. CPU system time: 0.15 seconds. Elapsed time: 0.47 seconds; current allocated memory: 0.000 MB.
INFO: [HLS 200-1510] Running: close_project 
INFO: [HLS 200-112] Total CPU user time: 1.03 seconds. Total CPU system time: 0.5 seconds. Total elapsed time: 1.36 seconds; peak allocated memory: 220.254 MB.
INFO: [Common 17-206] Exiting vitis_hls at Wed Jul 10 22:58:33 2024...
INFO: [vitis-run 60-791] Total elapsed time: 0h 0m 4s
