INFO: [v++ 60-1548] Creating build summary session with primary output /media/p4/Xilinx/kria-vitis-platforms/kr260/platforms/xilinx_kr260_tsn_rs485pmod_202310_1/blas/blas/blas.hlscompile_summary, at Sun Jul 14 17:57:39 2024
INFO: [v++ 82-31] Launching vitis_hls: vitis_hls -nolog -run csynth -work_dir /media/p4/Xilinx/kria-vitis-platforms/kr260/platforms/xilinx_kr260_tsn_rs485pmod_202310_1/blas/blas -config /media/p4/Xilinx/kria-vitis-platforms/kr260/platforms/xilinx_kr260_tsn_rs485pmod_202310_1/blas/hls_config.cfg -cmdlineconfig /media/p4/Xilinx/kria-vitis-platforms/kr260/platforms/xilinx_kr260_tsn_rs485pmod_202310_1/blas/blas/hls/config.cmdline

****** Vitis HLS - High-Level Synthesis from C, C++ and OpenCL v2023.2 (64-bit)
  **** SW Build 4023990 on Oct 11 2023
  **** IP Build 4028589 on Sat Oct 14 00:45:43 MDT 2023
  **** SharedData Build 4025554 on Tue Oct 10 17:18:54 MDT 2023
    ** Copyright 1986-2022 Xilinx, Inc. All Rights Reserved.
    ** Copyright 2022-2023 Advanced Micro Devices, Inc. All Rights Reserved.

source /media/p4/Xilinx/Vitis_HLS/2023.2/scripts/vitis_hls/hls.tcl -notrace
INFO: [HLS 200-10] Running '/media/p4/Xilinx/Vitis_HLS/2023.2/bin/unwrapped/lnx64.o/vitis_hls'
INFO: [HLS 200-10] For user 'chomper' on host 'N' (Linux_x86_64 version 6.8.0-38-generic) on Sun Jul 14 17:57:40 CST 2024
INFO: [HLS 200-10] On os Ubuntu 24.04 LTS
INFO: [HLS 200-10] In directory '/media/p4/Xilinx/kria-vitis-platforms/kr260/platforms/xilinx_kr260_tsn_rs485pmod_202310_1/blas'
INFO: [HLS 200-1909] Reading HLS ini file /media/p4/Xilinx/kria-vitis-platforms/kr260/platforms/xilinx_kr260_tsn_rs485pmod_202310_1/blas/hls_config.cfg
INFO: [HLS 200-1909] Reading HLS ini file /media/p4/Xilinx/kria-vitis-platforms/kr260/platforms/xilinx_kr260_tsn_rs485pmod_202310_1/blas/blas/hls/config.cmdline
INFO: [HLS 200-2005] Using work_dir /media/p4/Xilinx/kria-vitis-platforms/kr260/platforms/xilinx_kr260_tsn_rs485pmod_202310_1/blas/blas 
INFO: [HLS 200-1510] Running: open_project /media/p4/Xilinx/kria-vitis-platforms/kr260/platforms/xilinx_kr260_tsn_rs485pmod_202310_1/blas/blas -diskless 
INFO: [HLS 200-1510] Running: open_solution hls 
INFO: [HLS 200-1505] Using default flow_target 'vivado'
Resolution: For help on HLS 200-1505 see docs.xilinx.com/access/sources/dita/topic?Doc_Version=2023.2%20English&url=ug1448-hls-guidance&resourceid=200-1505.html
INFO: [HLS 200-1510] Running: apply_ini /media/p4/Xilinx/kria-vitis-platforms/kr260/platforms/xilinx_kr260_tsn_rs485pmod_202310_1/blas/hls_config.cfg 
INFO: [HLS 200-1909] Reading HLS ini file /media/p4/Xilinx/kria-vitis-platforms/kr260/platforms/xilinx_kr260_tsn_rs485pmod_202310_1/blas/hls_config.cfg
INFO: [HLS 200-1465] Applying ini 'syn.file=test.cpp' at /media/p4/Xilinx/kria-vitis-platforms/kr260/platforms/xilinx_kr260_tsn_rs485pmod_202310_1/blas/hls_config.cfg(7)
INFO: [HLS 200-10] Adding design file '/media/p4/Xilinx/kria-vitis-platforms/kr260/platforms/xilinx_kr260_tsn_rs485pmod_202310_1/blas/test.cpp' to the project
INFO: [HLS 200-1465] Applying ini 'tb.file=tb.cpp' at /media/p4/Xilinx/kria-vitis-platforms/kr260/platforms/xilinx_kr260_tsn_rs485pmod_202310_1/blas/hls_config.cfg(9)
INFO: [HLS 200-10] Adding test bench file '/media/p4/Xilinx/kria-vitis-platforms/kr260/platforms/xilinx_kr260_tsn_rs485pmod_202310_1/blas/tb.cpp' to the project
INFO: [HLS 200-1465] Applying ini 'syn.top=test' at /media/p4/Xilinx/kria-vitis-platforms/kr260/platforms/xilinx_kr260_tsn_rs485pmod_202310_1/blas/hls_config.cfg(8)
INFO: [HLS 200-1465] Applying ini 'flow_target=vivado' at /media/p4/Xilinx/kria-vitis-platforms/kr260/platforms/xilinx_kr260_tsn_rs485pmod_202310_1/blas/hls_config.cfg(4)
INFO: [HLS 200-1505] Using flow_target 'vivado'
Resolution: For help on HLS 200-1505 see docs.xilinx.com/access/sources/dita/topic?Doc_Version=2023.2%20English&url=ug1448-hls-guidance&resourceid=200-1505.html
INFO: [HLS 200-1465] Applying ini 'part=xck26-sfvc784-2LV-c' at /media/p4/Xilinx/kria-vitis-platforms/kr260/platforms/xilinx_kr260_tsn_rs485pmod_202310_1/blas/hls_config.cfg(1)
INFO: [HLS 200-1611] Setting target device to 'xck26-sfvc784-2LV-c'
INFO: [HLS 200-1465] Applying ini 'package.output.format=ip_catalog' at /media/p4/Xilinx/kria-vitis-platforms/kr260/platforms/xilinx_kr260_tsn_rs485pmod_202310_1/blas/hls_config.cfg(5)
INFO: [HLS 200-1510] Running: apply_ini /media/p4/Xilinx/kria-vitis-platforms/kr260/platforms/xilinx_kr260_tsn_rs485pmod_202310_1/blas/blas/hls/config.cmdline 
INFO: [HLS 200-1909] Reading HLS ini file /media/p4/Xilinx/kria-vitis-platforms/kr260/platforms/xilinx_kr260_tsn_rs485pmod_202310_1/blas/blas/hls/config.cmdline
INFO: [HLS 200-1510] Running: csynth_design 
INFO: [HLS 200-111] Finished File checks and directory preparation: CPU user time: 0.03 seconds. CPU system time: 0.01 seconds. Elapsed time: 0.05 seconds; current allocated memory: 255.941 MB.
INFO: [HLS 200-10] Analyzing design file '/media/p4/Xilinx/kria-vitis-platforms/kr260/platforms/xilinx_kr260_tsn_rs485pmod_202310_1/blas/test.cpp' ... 
WARNING: [HLS 207-5292] unused parameter 'task' (/media/p4/Xilinx/kria-vitis-platforms/kr260/platforms/xilinx_kr260_tsn_rs485pmod_202310_1/blas/test.cpp:28:43)
INFO: [HLS 200-111] Finished Source Code Analysis and Preprocessing: CPU user time: 0.17 seconds. CPU system time: 0.86 seconds. Elapsed time: 1.7 seconds; current allocated memory: 257.941 MB.
INFO: [HLS 200-777] Using interface defaults for 'Vivado' flow target.
INFO: [HLS 200-1995] There were 13,092 instructions in the design after the 'Compile/Link' phase of compilation. See the Design Size Report for more details: /media/p4/Xilinx/kria-vitis-platforms/kr260/platforms/xilinx_kr260_tsn_rs485pmod_202310_1/blas/blas/hls/syn/report/csynth_design_size.rpt
ERROR: [HLS 214-139] Recursive function calls are not supported: tinyBLAS_Q0_AVX<block_q4_0, block_q8_0, float>::mnpack(long, long, long, long) -> tinyBLAS_Q0_AVX<block_q4_0, block_q8_0, float>::mnpack(long, long, long, long) -> tinyBLAS_Q0_AVX<block_q4_0, block_q8_0, float>::mnpack(long, long, long, long) -> tinyBLAS_Q0_AVX<block_q4_0, block_q8_0, float>::mnpack(long, long, long, long)
ERROR: [HLS 200-1715] Encountered problem during source synthesis
INFO: [HLS 200-111] Finished Command csynth_design CPU user time: 2.14 seconds. CPU system time: 1.74 seconds. Elapsed time: 9.87 seconds; current allocated memory: 2.832 MB.
INFO: [HLS 200-1510] Running: close_project 
ERROR: Pre-synthesis failed.
INFO: [HLS 200-112] Total CPU user time: 2.84 seconds. Total CPU system time: 2.07 seconds. Total elapsed time: 10.76 seconds; peak allocated memory: 258.773 MB.
INFO: [Common 17-206] Exiting vitis_hls at Sun Jul 14 17:57:51 2024...
