================================================================
== Design Size Report
================================================================

* Total Instructions per Compilation Phase
+---------------+-----------------------------+--------------+----------------------------------------------------------------------------------------+
| Phase         | Step                        | Instructions | Description                                                                            |
+---------------+-----------------------------+--------------+----------------------------------------------------------------------------------------+
| Compile/Link  |                             |   252        | After all functions are compiled and linked into a single design                       |
|               |                             |              |                                                                                        |
| Unroll/Inline |                             |              | After user unroll and inline pragmas are applied                                       |
|               | (1) unroll                  | 1,872        | user unroll pragmas are applied                                                        |
|               | (2) simplification          |   384        | simplification of applied user unroll pragmas                                          |
|               | (3) inline                  |   389        | user inline pragmas are applied                                                        |
|               | (4) simplification          |   333        | simplification of applied user inline pragmas                                          |
|               |                             |              |                                                                                        |
| Array/Struct  |                             |              | After user array partition and struct aggregate/disaggregate pragmas are applied       |
|               | (1) array partition         |   332        | user array partition pragmas are applied                                               |
|               | (2) simplification          |   332        | simplification of applied user array partition & struct aggregate/disaggregate pragmas |
|               | (3) aggregate/disaggregate  |   332        | user struct aggregate/disaggregate pragmas are applied                                 |
|               | (4) array reshape           |   332        | apply array reshape pragmas                                                            |
|               | (5) access patterns         |   335        | array access pattern optmizations                                                      |
|               |                             |              |                                                                                        |
| Performance   |                             |              | After transformations are applied to meet performance pragma targets                   |
|               | (1) loop simplification     |   335        | loop and instruction simplification                                                    |
|               | (2) parallelization         |   331        | loops are unrolled or pipelined to meet performance targets                            |
|               | (3) array partition         |   331        | arrays are partitioned to meet performance targets                                     |
|               | (4) simplification          |   331        | simplification of design after performance transformations                             |
|               |                             |              |                                                                                        |
| HW Transforms |                             |              | After hardware transfomations                                                          |
|               | (1) lowering                |   491        | initial conversion to HW specific instructions                                         |
|               | (2) optimizations           |   513        | high level synthesis optimizations                                                     |
+---------------+-----------------------------+--------------+----------------------------------------------------------------------------------------+

* Instructions per Function for each Compilation Phase
+-------------------------------------+--------------+--------------+---------------+--------------+-------------+---------------+
| Function                            | Location     | Compile/Link | Unroll/Inline | Array/Struct | Performance | HW Transforms |
+-------------------------------------+--------------+--------------+---------------+--------------+-------------+---------------+
| + sgemm                             | sgemm.cpp:97 | 252          | 333           | 335          | 331         | 513           |
|  + gemm<block_q4_0, block_q8_0,...  | sgemm.cpp:51 | 235          |               |              |             |               |
|     mmatmul<const block_q4_0, co... | sgemm.cpp:21 | 118          |               |              |             |               |
|    mmatmul<const block_q4_0, co...  | sgemm.cpp:21 |              | 222           | 217          | 217         | 348           |
+-------------------------------------+--------------+--------------+---------------+--------------+-------------+---------------+

* Design Size Message Settings
+---------------------------------------------+--------+------------------------------------------------------------------+
| Message Setting                             | Value  | Description                                                      |
+---------------------------------------------+--------+------------------------------------------------------------------+
| config_compile -design_size_maximum_warning | 100000 | Show a warning when total design instructions exceeds this value |
+---------------------------------------------+--------+------------------------------------------------------------------+


